<?xml version="1.0" encoding="UTF-8" standalone="no"?><Transaction xmlns:xsd="http://www.w3.org/2001/XMLSchema" xmlns:xsi="http://www.w3.org/2001/XMLSchema-instance" Version="15.1.5.4">
    <TransactionAttributes>
        <ContextItem>
            <Name>Description</Name>
            <Description>Transaction Description</Description>
            <MinRange>0</MinRange>
            <MaxRange>0</MaxRange>
            <Value xsi:type="string"/>
            <ReadOnly>true</ReadOnly>
            <AlertXMLAssigned>false</AlertXMLAssigned>
        </ContextItem>
        <ContextItem>
            <Name>Comments</Name>
            <Description>User Comments</Description>
            <MinRange>0</MinRange>
            <MaxRange>0</MaxRange>
            <Value xsi:type="string"/>
            <ReadOnly>true</ReadOnly>
            <AlertXMLAssigned>false</AlertXMLAssigned>
        </ContextItem>
        <ContextItem>
            <Name>CreatedBy</Name>
            <Description>Created By</Description>
            <MinRange>0</MinRange>
            <MaxRange>0</MaxRange>
            <Value xsi:type="string">Vignesh</Value>
            <ReadOnly>true</ReadOnly>
            <AlertXMLAssigned>false</AlertXMLAssigned>
        </ContextItem>
        <ContextItem>
            <Name>CreationDate</Name>
            <Description>Creation Date</Description>
            <MinRange>0</MinRange>
            <MaxRange>0</MaxRange>
            <Value xsi:type="dateTime">2021-05-13T21:59:26</Value>
            <ReadOnly>true</ReadOnly>
            <AlertXMLAssigned>false</AlertXMLAssigned>
        </ContextItem>
        <ContextItem>
            <Name>Category</Name>
            <Description>Transaction Category</Description>
            <MinRange>0</MinRange>
            <MaxRange>0</MaxRange>
            <Value xsi:type="string"/>
            <ReadOnly>true</ReadOnly>
            <AlertXMLAssigned>false</AlertXMLAssigned>
        </ContextItem>
        <ContextItem>
            <Name>Status</Name>
            <Description>Deployment Status</Description>
            <MinRange>0</MinRange>
            <MaxRange>0</MaxRange>
            <Value xsi:type="string">DEVELOPMENT</Value>
            <ReadOnly>true</ReadOnly>
            <AlertXMLAssigned>false</AlertXMLAssigned>
        </ContextItem>
        <ContextItem>
            <Name>LegacyProcessingMode</Name>
            <Description>Support the pre MII 12.1 Transaction Engine.</Description>
            <MinRange>0</MinRange>
            <MaxRange>0</MaxRange>
            <Value xsi:type="boolean">0</Value>
            <ReadOnly>true</ReadOnly>
            <AlertXMLAssigned>false</AlertXMLAssigned>
        </ContextItem>
        <ContextItem>
            <Name>AutoAppendBlankNamespaces</Name>
            <Description>AutoAppendBlankNamespaces</Description>
            <MinRange>0</MinRange>
            <MaxRange>0</MaxRange>
            <Value xsi:type="boolean">1</Value>
            <ReadOnly>true</ReadOnly>
            <AlertXMLAssigned>false</AlertXMLAssigned>
        </ContextItem>
        <ContextItem>
            <Name>ThrowOnLinkError</Name>
            <Description>Throws an exception when a link error occures</Description>
            <MinRange>0</MinRange>
            <MaxRange>0</MaxRange>
            <Value xsi:type="boolean">0</Value>
            <ReadOnly>true</ReadOnly>
            <AlertXMLAssigned>false</AlertXMLAssigned>
        </ContextItem>
        <ContextItem>
            <Name>ThrowOnActionError</Name>
            <Description>Throws an exception when an action error occurs</Description>
            <MinRange>0</MinRange>
            <MaxRange>0</MaxRange>
            <Value xsi:type="boolean">1</Value>
            <ReadOnly>true</ReadOnly>
            <AlertXMLAssigned>false</AlertXMLAssigned>
        </ContextItem>
        <ContextItem>
            <Name>FormatXMLOnConversion</Name>
            <Description>By default XML will be formatted when assigned from XML data type to String data type. This behaviour can be changed with this flag.</Description>
            <MinRange>0</MinRange>
            <MaxRange>0</MaxRange>
            <Value xsi:type="boolean">1</Value>
            <ReadOnly>true</ReadOnly>
            <AlertXMLAssigned>false</AlertXMLAssigned>
        </ContextItem>
        <ContextItem>
            <Name>LastEditedBy</Name>
            <Description>Last Edited By</Description>
            <MinRange>0</MinRange>
            <MaxRange>0</MaxRange>
            <Value xsi:type="xsd:string">Vignesh</Value>
            <ReadOnly>true</ReadOnly>
            <AlertXMLAssigned>false</AlertXMLAssigned>
        </ContextItem>
        <ContextItem>
            <Name>LastEditedDate</Name>
            <Description>Last Edited Date</Description>
            <MinRange>0</MinRange>
            <MaxRange>0</MaxRange>
            <Value xsi:type="xsd:dateTime">2021-05-13T23:47:13</Value>
            <ReadOnly>true</ReadOnly>
            <AlertXMLAssigned>false</AlertXMLAssigned>
        </ContextItem>
    </TransactionAttributes>
    <Name>SMT_TRAINING/Vignesh/TASKS/Task3/BLS_SEARCH</Name>
    <Version>4</Version>
    <WriterRoles>SAP_XMII_Super_Administrator,SAP_XMII_Administrator,SAP_XMII_Developer</WriterRoles>
    <Context>
        <ContextItem>
            <Name>ras</Name>
            <Description/>
            <MinRange>0</MinRange>
            <MaxRange>0</MaxRange>
            <Value xsi:type="string"/>
            <ReadOnly>true</ReadOnly>
            <AlertXMLAssigned>false</AlertXMLAssigned>
        </ContextItem>
    </Context>
    <Local/>
    <Layout>
        <GUILayoutItem>
            <Name>Sequence</Name>
            <X>8</X>
            <Y>8</Y>
            <Width>120</Width>
            <SpacingWidth>120</SpacingWidth>
            <DescendantWidth>120</DescendantWidth>
            <Height>96</Height>
        </GUILayoutItem>
        <GUILayoutItem>
            <Name>SQL_Task3_Search_0</Name>
            <X>16</X>
            <Y>24</Y>
            <Width>104</Width>
            <SpacingWidth>0</SpacingWidth>
            <DescendantWidth>0</DescendantWidth>
            <Height>72</Height>
        </GUILayoutItem>
        <GUILayoutItem>
            <Name>Sequence_0</Name>
            <X>8</X>
            <Y>144</Y>
            <Width>120</Width>
            <SpacingWidth>120</SpacingWidth>
            <DescendantWidth>120</DescendantWidth>
            <Height>96</Height>
        </GUILayoutItem>
        <GUILayoutItem>
            <Name>Sequence_1</Name>
            <X>8</X>
            <Y>280</Y>
            <Width>120</Width>
            <SpacingWidth>120</SpacingWidth>
            <DescendantWidth>120</DescendantWidth>
            <Height>96</Height>
        </GUILayoutItem>
        <GUILayoutItem>
            <Name>Assignment_0</Name>
            <X>16</X>
            <Y>296</Y>
            <Width>104</Width>
            <SpacingWidth>0</SpacingWidth>
            <DescendantWidth>0</DescendantWidth>
            <Height>72</Height>
        </GUILayoutItem>
        <GUILayoutItem>
            <Name>Sequence_2</Name>
            <X>8</X>
            <Y>416</Y>
            <Width>120</Width>
            <SpacingWidth>120</SpacingWidth>
            <DescendantWidth>0</DescendantWidth>
            <Height>96</Height>
        </GUILayoutItem>
        <GUILayoutItem>
            <Name>Tracer_0</Name>
            <X>16</X>
            <Y>432</Y>
            <Width>104</Width>
            <SpacingWidth>0</SpacingWidth>
            <DescendantWidth>0</DescendantWidth>
            <Height>72</Height>
        </GUILayoutItem>
    </Layout>
    <Actions>
        <ContextItem>
            <Name>SQL_Task3_Search_0</Name>
            <Description/>
            <MinRange>0</MinRange>
            <MaxRange>0</MaxRange>
            <Value xsi:type="IlluminatorSQLQueryObject">
                <Timeout>60</Timeout>
                <QueryParameters/>
                <QueryStartDate>2021-05-13T21:59:58</QueryStartDate>
                <SQLTransaction/>
                <QueryTemplate>SMT_TRAINING/Vignesh/TASKS/Task3/SQL_Task3_Search</QueryTemplate>
                <QueryEndDate>2021-05-13T21:59:58</QueryEndDate>
                <TagList/>
                <Results>
                    <ReferenceDocumentSource/>&lt;?xml version="1.0" encoding="UTF-8"?&gt;&lt;Rowsets CachedTime="" DateCreated="2021-05-13T22:00:00" EndDate="2021-05-13T22:00:00" StartDate="2021-05-13T21:00:00" Version="15.1 SP5 Patch 4 (Aug 30, 2017)"&gt;&lt;Rowset&gt;&lt;Columns&gt;&lt;Column Description="Id" MaxRange="1" MinRange="0" Name="Id" SQLDataType="4" SourceColumn="Id"/&gt;&lt;Column Description="Name" MaxRange="1" MinRange="0" Name="Name" SQLDataType="12" SourceColumn="Name"/&gt;&lt;Column Description="City" MaxRange="1" MinRange="0" Name="City" SQLDataType="12" SourceColumn="City"/&gt;&lt;Column Description="Number" MaxRange="1" MinRange="0" Name="Number" SQLDataType="12" SourceColumn="Number"/&gt;&lt;Column Description="StreetNo" MaxRange="1" MinRange="0" Name="StreetNo" SQLDataType="4" SourceColumn="StreetNo"/&gt;&lt;Column Description="Age" MaxRange="1" MinRange="0" Name="Age" SQLDataType="4" SourceColumn="Age"/&gt;&lt;/Columns&gt;&lt;/Rowset&gt;&lt;/Rowsets&gt;</Results>
            </Value>
            <SchemaURI/>
            <SchemaElement/>
            <ValidateXMLOnExecution>1</ValidateXMLOnExecution>
            <ReadOnly>false</ReadOnly>
            <AlertXMLAssigned>false</AlertXMLAssigned>
        </ContextItem>
        <ContextItem>
            <Name>Assignment_0</Name>
            <Description/>
            <MinRange>0</MinRange>
            <MaxRange>0</MaxRange>
            <Value xsi:type="Assignment"/>
            <ReadOnly>false</ReadOnly>
            <AlertXMLAssigned>false</AlertXMLAssigned>
        </ContextItem>
        <ContextItem>
            <Name>Tracer_0</Name>
            <Description/>
            <MinRange>0</MinRange>
            <MaxRange>0</MaxRange>
            <Value xsi:type="Tracer">
                <Message/>
                <Level>INFO</Level>
            </Value>
            <ReadOnly>false</ReadOnly>
            <AlertXMLAssigned>false</AlertXMLAssigned>
        </ContextItem>
    </Actions>
    <ReaderRoles>SAP_XMII_Super_Administrator,SAP_XMII_Administrator,SAP_XMII_Developer,SAP_XMII_User</ReaderRoles>
    <Steps>
        <Step xsi:type="ActionSequence">
            <Name>Sequence</Name>
            <Description/>
            <Steps>
                <Step xsi:type="ActionSequence">
                    <Name>Sequence_0</Name>
                    <Description/>
                    <Steps>
                        <Step xsi:type="ActionSequence">
                            <Name>Sequence_1</Name>
                            <Description/>
                            <Steps>
                                <Step xsi:type="ActionSequence">
                                    <Name>Sequence_2</Name>
                                    <Description/>
                                    <Steps/>
                                    <Actions>
                                        <Action>
                                            <Name>Tracer_0</Name>
                                            <Description> </Description>
                                            <IncomingLinks>
                                                <Assign xsi:type="Assign">
                                                    <Name/>
                                                    <Description/>
                                                    <To>Tracer_0.Message</To>
                                                    <From>Transaction.ras</From>
                                                </Assign>
                                            </IncomingLinks>
                                            <OutgoingLinks/>
                                        </Action>
                                    </Actions>
                                </Step>
                            </Steps>
                            <Actions>
                                <Action>
                                    <Name>Assignment_0</Name>
                                    <Description> </Description>
                                    <IncomingLinks/>
                                    <OutgoingLinks>
                                        <Assign xsi:type="Assign">
                                            <Name/>
                                            <Description/>
                                            <To>Transaction.ras</To>
                                            <From>XML_To_Json_Converter_0.Output</From>
                                        </Assign>
                                    </OutgoingLinks>
                                </Action>
                            </Actions>
                        </Step>
                    </Steps>
                    <Actions/>
                </Step>
            </Steps>
            <Actions>
                <Action>
                    <Name>SQL_Task3_Search_0</Name>
                    <Description>SQL Query</Description>
                    <IncomingLinks/>
                    <OutgoingLinks/>
                </Action>
            </Actions>
        </Step>
    </Steps>
</Transaction>